<?xml version="1.0" encoding="UTF-8"?>
<testng-results ignored="0" total="1" passed="1" failed="0" skipped="0">
  <reporter-output>
  </reporter-output>
  <suite started-at="2022-09-02T01:10:12 EDT" name="Default suite" finished-at="2022-09-02T01:10:15 EDT" duration-ms="3478">
    <groups>
    </groups>
    <test started-at="2022-09-02T01:10:12 EDT" name="Default test" finished-at="2022-09-02T01:10:15 EDT" duration-ms="3478">
      <class name="restAssuredMukesh.RestAssured_Get_TC001">
        <test-method signature="testTC001()[pri:0, instance:restAssuredMukesh.RestAssured_Get_TC001@6574a52c]" started-at="2022-09-02T01:10:12 EDT" name="testTC001" finished-at="2022-09-02T01:10:15 EDT" duration-ms="3334" status="PASS">
          <reporter-output>
          </reporter-output>
        </test-method> <!-- testTC001 -->
      </class> <!-- restAssuredMukesh.RestAssured_Get_TC001 -->
    </test> <!-- Default test -->
  </suite> <!-- Default suite -->
</testng-results>
